INFO main org.crossroad.db.util.cfg.Configuration - Load member configuration for type [target]
INFO main org.crossroad.db.util.cfg.Configuration - Table name [SODEE.ZTW_MPT::StockDataDailySQL]
INFO main org.crossroad.db.util.db.impl.Database - Connection ID [target]
INFO main org.crossroad.db.util.db.impl.Database - drvDef ID [hana]
INFO main org.crossroad.db.util.db.impl.Database - JDBC Jar [D:\sources\java\eclipse\workspace-neon\org.crossroad.db.copy\release\lib\ngdbc.jar]
INFO main org.crossroad.db.util.db.impl.Database - JDBC Class [com.sap.db.jdbc.Driver]
INFO main org.crossroad.db.util.db.impl.Database - JDBC url [jdbc:sap://bashanaq02.tally-weijl.ch:30315]
INFO main org.crossroad.db.util.db.impl.Database - Set schema to [null]
INFO main org.crossroad.db.util.db.impl.Database - Connect to the remote database
INFO main org.crossroad.db.util.db.impl.Database - Connected [HDB]
INFO main org.crossroad.db.util.DBSample - General information
Catalog [TW_DW]
Schema [DW]
Name [tblLagerBestandExSAP]
Columns:
Name [VCode] Type[varchar] Size[5]
Name [EAN] Type[bigint] Size[19]
Name [Datekey] Type[int] Size[10]
Name [Bestand] Type[int] Size[10]
Name [LGORT] Type[varchar] Size[5]

Primary Keys:
Name [PK_tblLagerBestandExSAP_2] Columns[Datekey@1, VCode@2, LGORT@3, EAN@4]

Indexes:
Name [PK_tblLagerBestandExSAP_2] Columns[Datekey@1, VCode@2, LGORT@3, EAN@4] Sort [A] Unique[false]

INFO main org.crossroad.db.util.DBSample - General information
Catalog [null]
Schema [SODEE]
Name [ZTW_MPT::StockDataDailySQL]
Columns:
Name [DATE] Type[NVARCHAR] Size[8]
Name [LABST] Type[INTEGER] Size[10]
Name [LGORT] Type[NVARCHAR] Size[5]
Name [MATNR] Type[NVARCHAR] Size[18]
Name [WERKS] Type[NVARCHAR] Size[4]

Primary Keys:
Name [_SYS_INDEX_CS_#48707587_#0_#P0] Columns[DATE@1, LGORT@3, MATNR@4, WERKS@2]

Indexes:

INFO main org.crossroad.db.util.DBSample - Source insert [select top 50 datekey, vcode, LGORT, UPC, Bestand from [TW_DW].[DW].[tblLagerBestandExSAP] s with (nolock) join [TW_DW].[DW].[tblEAN] e with (nolock) on s.ean = e.ean where datekey like '2016%']
INFO main org.crossroad.db.util.DBSample - Source select [SELECT VCode,EAN,Datekey,Bestand,LGORT FROM [DW].[tblLagerBestandExSAP]]
INFO main org.crossroad.db.util.DBSample - Source trunc  [TRUNCATE TABLE [DW].[tblLagerBestandExSAP]]
INFO main org.crossroad.db.util.DBSample - Target insert [INSERT INTO "SODEE"."ZTW_MPT::StockDataDailySQL" ("DATE",WERKS,LGORT,MATNR,LABST) VALUES (?,?,?,?,?)]
INFO main org.crossroad.db.util.DBSample - Target select [SELECT DATE,LABST,LGORT,MATNR,WERKS FROM "SODEE"."ZTW_MPT::StockDataDailySQL"]
INFO main org.crossroad.db.util.DBSample - Target trunc  [TRUNCATE TABLE "SODEE"."ZTW_MPT::StockDataDailySQL"]
INFO main org.crossroad.db.util.DBSample - 

Overall execution: 
	- Memory usage: 18.4294MB
	- Time spent: 00 d 00:00:01.1371

INFO main org.crossroad.db.util.cfg.Configuration - Load member configuration for type [source]
INFO main org.crossroad.db.util.cfg.Configuration - Table name [DW.tblLagerBestandExSAP]
INFO main org.crossroad.db.util.db.impl.Database - Connection ID [source]
INFO main org.crossroad.db.util.db.impl.Database - drvDef ID [mssql]
INFO main org.crossroad.db.util.db.impl.Database - JDBC Jar [D:\sources\java\eclipse\workspace-neon\org.crossroad.db.copy\release\lib\sqljdbc4.jar]
INFO main org.crossroad.db.util.db.impl.Database - JDBC Class [com.microsoft.sqlserver.jdbc.SQLServerDriver]
INFO main org.crossroad.db.util.db.impl.Database - JDBC url [jdbc:sqlserver://BASWBISQL:60955;databaseName=TW_DW]
INFO main org.crossroad.db.util.db.impl.Database - Set schema to [null]
INFO main org.crossroad.db.util.db.impl.Database - Connect to the remote database
INFO main org.crossroad.db.util.db.impl.Database - Connected [Microsoft SQL Server]
INFO main org.crossroad.db.util.cfg.Configuration - Load member configuration for type [target]
INFO main org.crossroad.db.util.cfg.Configuration - Table name [SODEE.ZTW_MPT::StockDataDailySQL]
INFO main org.crossroad.db.util.db.impl.Database - Connection ID [target]
INFO main org.crossroad.db.util.db.impl.Database - drvDef ID [hana]
INFO main org.crossroad.db.util.db.impl.Database - JDBC Jar [D:\sources\java\eclipse\workspace-neon\org.crossroad.db.copy\release\lib\ngdbc.jar]
INFO main org.crossroad.db.util.db.impl.Database - JDBC Class [com.sap.db.jdbc.Driver]
INFO main org.crossroad.db.util.db.impl.Database - JDBC url [jdbc:sap://bashanaq02.tally-weijl.ch:30315]
INFO main org.crossroad.db.util.db.impl.Database - Set schema to [null]
INFO main org.crossroad.db.util.db.impl.Database - Connect to the remote database
INFO main org.crossroad.db.util.db.impl.Database - Connected [HDB]
INFO main org.crossroad.db.util.DBSample - General information
Catalog [TW_DW]
Schema [DW]
Name [tblLagerBestandExSAP]
Columns:
Name [VCode] Type[varchar] Size[5]
Name [EAN] Type[bigint] Size[19]
Name [Datekey] Type[int] Size[10]
Name [Bestand] Type[int] Size[10]
Name [LGORT] Type[varchar] Size[5]

Primary Keys:
Name [PK_tblLagerBestandExSAP_2] Columns[Datekey@1, VCode@2, LGORT@3, EAN@4]

Indexes:
Name [PK_tblLagerBestandExSAP_2] Columns[Datekey@1, VCode@2, LGORT@3, EAN@4] Sort [A] Unique[false]

INFO main org.crossroad.db.util.DBSample - General information
Catalog [null]
Schema [SODEE]
Name [ZTW_MPT::StockDataDailySQL]
Columns:
Name [DATE] Type[NVARCHAR] Size[8]
Name [LABST] Type[INTEGER] Size[10]
Name [LGORT] Type[NVARCHAR] Size[5]
Name [MATNR] Type[NVARCHAR] Size[18]
Name [WERKS] Type[NVARCHAR] Size[4]

Primary Keys:
Name [_SYS_INDEX_CS_#48707587_#0_#P0] Columns[DATE@1, LGORT@3, MATNR@4, WERKS@2]

Indexes:

INFO main org.crossroad.db.util.DBSample - Source insert [select top 50 datekey, vcode, LGORT, UPC, Bestand from [TW_DW].[DW].[tblLagerBestandExSAP] s with (nolock) join [TW_DW].[DW].[tblEAN] e with (nolock) on s.ean = e.ean where datekey like '2016%']
INFO main org.crossroad.db.util.DBSample - Source select [SELECT VCode,EAN,Datekey,Bestand,LGORT FROM [DW].[tblLagerBestandExSAP]]
INFO main org.crossroad.db.util.DBSample - Source trunc  [TRUNCATE TABLE [DW].[tblLagerBestandExSAP]]
INFO main org.crossroad.db.util.DBSample - Target insert [INSERT INTO "SODEE"."ZTW_MPT::StockDataDailySQL" ("DATE",WERKS,LGORT,MATNR,LABST) VALUES (?,?,?,?,?)]
INFO main org.crossroad.db.util.DBSample - Target select [SELECT DATE,LABST,LGORT,MATNR,WERKS FROM "SODEE"."ZTW_MPT::StockDataDailySQL"]
INFO main org.crossroad.db.util.DBSample - Target trunc  [TRUNCATE TABLE "SODEE"."ZTW_MPT::StockDataDailySQL"]
INFO main org.crossroad.db.util.DBSample - 

Overall execution: 
	- Memory usage: 18.5293MB
	- Time spent: 00 d 00:00:01.1585

